[debug] [2018-08-02T06:36:30.964Z] ----------------------------------------------------------------------
[debug] [2018-08-02T06:36:30.969Z] Command:       /usr/local/bin/node /usr/local/bin/firebase deploy
[debug] [2018-08-02T06:36:30.969Z] CLI Version:   3.19.3
[debug] [2018-08-02T06:36:30.969Z] Platform:      darwin
[debug] [2018-08-02T06:36:30.969Z] Node Version:  v6.11.2
[debug] [2018-08-02T06:36:30.970Z] Time:          Wed Aug 01 2018 23:36:30 GMT-0700 (PDT)
[debug] [2018-08-02T06:36:30.970Z] ----------------------------------------------------------------------
[debug] 
[debug] [2018-08-02T06:36:30.992Z] > command requires scopes: ["email","openid","https://www.googleapis.com/auth/cloudplatformprojects.readonly","https://www.googleapis.com/auth/firebase","https://www.googleapis.com/auth/cloud-platform"]
[debug] [2018-08-02T06:36:30.992Z] > authorizing via signed-in user
[debug] [2018-08-02T06:36:30.996Z] > refreshing access token with scopes: ["email","https://www.googleapis.com/auth/cloud-platform","https://www.googleapis.com/auth/cloudplatformprojects.readonly","https://www.googleapis.com/auth/firebase","openid"]
[debug] [2018-08-02T06:36:30.996Z] >>> HTTP REQUEST POST https://www.googleapis.com/oauth2/v3/token  
 { refresh_token: '1/1Ct9gK0Ep5nBtx7J2jpxKJduOwmIhmY8VpFauX_LVLM',
  client_id: '563584335869-fgrhgmd47bqnekij5i8b5pr03ho849e6.apps.googleusercontent.com',
  client_secret: 'j9iVZfS8kkCEFUPaAeJV0sAi',
  grant_type: 'refresh_token',
  scope: 'email https://www.googleapis.com/auth/cloud-platform https://www.googleapis.com/auth/cloudplatformprojects.readonly https://www.googleapis.com/auth/firebase openid' } 
 Wed Aug 01 2018 23:36:30 GMT-0700 (PDT)
[debug] [2018-08-02T06:36:31.254Z] <<< HTTP RESPONSE 200
[debug] [2018-08-02T06:36:31.305Z] >>> HTTP REQUEST GET https://admin.firebase.com/v1/projects/cse134hw4-18f6d  
  
 Wed Aug 01 2018 23:36:31 GMT-0700 (PDT)
[debug] [2018-08-02T06:36:31.669Z] <<< HTTP RESPONSE 200
[debug] [2018-08-02T06:36:31.671Z] >>> HTTP REQUEST GET https://admin.firebase.com/v1/database/cse134hw4-18f6d/tokens  
  
 Wed Aug 01 2018 23:36:31 GMT-0700 (PDT)
[debug] [2018-08-02T06:36:32.050Z] <<< HTTP RESPONSE 200
[info] 
[info] === Deploying to 'cse134hw4-18f6d'...
[info] 
[info] i  deploying database, storage, hosting
[info] i  database: checking rules syntax...
[debug] [2018-08-02T06:36:32.487Z] >>> HTTP REQUEST PUT https://cse134hw4-18f6d.firebaseio.com/.settings/rules.json?dryRun=true  
 {
  /* Visit https://firebase.google.com/docs/database/security to learn more about security rules. */
  "rules": {
    ".read": false,
    ".write": false
  }
} 
 Wed Aug 01 2018 23:36:32 GMT-0700 (PDT)
[debug] [2018-08-02T06:36:32.805Z] <<< HTTP RESPONSE 200
[info] ✔  database: rules syntax for database cse134hw4-18f6d is valid
[debug] [2018-08-02T06:36:32.807Z] >>> HTTP REQUEST GET https://appengine.googleapis.com/v1/apps/cse134hw4-18f6d  
  
 Wed Aug 01 2018 23:36:32 GMT-0700 (PDT)
[debug] [2018-08-02T06:36:33.308Z] <<< HTTP RESPONSE 200
[info] i  storage: checking storage.rules for compilation errors...
[debug] [2018-08-02T06:36:33.312Z] >>> HTTP REQUEST POST https://firebaserules.googleapis.com/v1/projects/cse134hw4-18f6d:test  
 { source: { files: [ [Object] ] } } 
 Wed Aug 01 2018 23:36:33 GMT-0700 (PDT)
[debug] [2018-08-02T06:36:33.735Z] <<< HTTP RESPONSE 200
[info] ✔  storage: rules file storage.rules compiled successfully
[info] i  storage: uploading rules storage.rules...
[debug] [2018-08-02T06:36:33.744Z] >>> HTTP REQUEST POST https://firebaserules.googleapis.com/v1/projects/cse134hw4-18f6d/rulesets  
 { source: { files: [ [Object] ] } } 
 Wed Aug 01 2018 23:36:33 GMT-0700 (PDT)
[debug] [2018-08-02T06:36:34.161Z] <<< HTTP RESPONSE 200
[debug] [2018-08-02T06:36:34.162Z] [rules] created ruleset projects/cse134hw4-18f6d/rulesets/43797955-a1a0-4920-b9f5-8706b911f4f2
[info] i  hosting: preparing public directory for upload...
[debug] [2018-08-02T06:36:34.253Z] >>> HTTP REQUEST PUT https://deploy.firebase.com/v1/hosting/cse134hw4-18f6d/uploads/-LItLXksKrzxYKUIM_Hm?fileCount=8&message=  
  
 Wed Aug 01 2018 23:36:34 GMT-0700 (PDT)
[debug] [2018-08-02T06:36:35.218Z] <<< HTTP RESPONSE 200
[debug] [2018-08-02T06:36:35.219Z] [hosting] .tgz uploaded successfully, waiting for extraction
[info] ✔  hosting: 8 files uploaded successfully
[debug] [2018-08-02T06:36:35.789Z] [hosting] deploy completed after 1626ms
[info] i  database: releasing rules...
[debug] [2018-08-02T06:36:35.945Z] >>> HTTP REQUEST PUT https://cse134hw4-18f6d.firebaseio.com/.settings/rules.json  
 {
  /* Visit https://firebase.google.com/docs/database/security to learn more about security rules. */
  "rules": {
    ".read": false,
    ".write": false
  }
} 
 Wed Aug 01 2018 23:36:35 GMT-0700 (PDT)
[debug] [2018-08-02T06:36:36.260Z] <<< HTTP RESPONSE 200
[info] ✔  database: rules for database cse134hw4-18f6d released successfully
[debug] [2018-08-02T06:36:36.261Z] [rules] releasing firebase.storage/cse134hw4-18f6d.appspot.com with ruleset projects/cse134hw4-18f6d/rulesets/43797955-a1a0-4920-b9f5-8706b911f4f2
[debug] [2018-08-02T06:36:36.262Z] >>> HTTP REQUEST PATCH https://firebaserules.googleapis.com/v1/projects/cse134hw4-18f6d/releases/firebase.storage/cse134hw4-18f6d.appspot.com  
 { release: 
   { name: 'projects/cse134hw4-18f6d/releases/firebase.storage/cse134hw4-18f6d.appspot.com',
     rulesetName: 'projects/cse134hw4-18f6d/rulesets/43797955-a1a0-4920-b9f5-8706b911f4f2' } } 
 Wed Aug 01 2018 23:36:36 GMT-0700 (PDT)
